<?xml version="1.0" encoding="UTF-8"?>
<testsuite xmlns:xsi="http://www.w3.org/2001/XMLSchema-instance" xsi:noNamespaceSchemaLocation="https://maven.apache.org/surefire/maven-surefire-plugin/xsd/surefire-test-report.xsd" name="com.mysql.connection.serviceMysql.repository.UserRepositoryTest" time="7.111" tests="3" errors="2" skipped="0" failures="1">
  <properties>
[...]
</properties>
  <testcase name="testAddUser" classname="com.mysql.connection.serviceMysql.repository.UserRepositoryTest" time="0.111">
    <error message="No value present" type="java.util.NoSuchElementException">java.util.NoSuchElementException: No value present
	at com.mysql.connection.serviceMysql.repository.UserRepositoryTest.testAddUser(UserRepositoryTest.java:32)
</error>
    <system-out><![CDATA[23:21:35.487 [main] DEBUG org.springframework.test.context.junit4.SpringJUnit4ClassRunner - SpringJUnit4ClassRunner constructor called with [class com.mysql.connection.serviceMysql.repository.UserRepositoryTest]
23:21:35.497 [main] DEBUG org.springframework.test.context.BootstrapUtils - Instantiating CacheAwareContextLoaderDelegate from class [org.springframework.test.context.cache.DefaultCacheAwareContextLoaderDelegate]
23:21:35.510 [main] DEBUG org.springframework.test.context.BootstrapUtils - Instantiating BootstrapContext using constructor [public org.springframework.test.context.support.DefaultBootstrapContext(java.lang.Class,org.springframework.test.context.CacheAwareContextLoaderDelegate)]
23:21:35.548 [main] DEBUG org.springframework.test.context.BootstrapUtils - Instantiating TestContextBootstrapper for test class [com.mysql.connection.serviceMysql.repository.UserRepositoryTest] from class [org.springframework.boot.test.autoconfigure.orm.jpa.DataJpaTestContextBootstrapper]
23:21:35.572 [main] INFO org.springframework.boot.test.autoconfigure.orm.jpa.DataJpaTestContextBootstrapper - Neither @ContextConfiguration nor @ContextHierarchy found for test class [com.mysql.connection.serviceMysql.repository.UserRepositoryTest], using SpringBootContextLoader
23:21:35.577 [main] DEBUG org.springframework.test.context.support.AbstractContextLoader - Did not detect default resource location for test class [com.mysql.connection.serviceMysql.repository.UserRepositoryTest]: class path resource [com/mysql/connection/serviceMysql/repository/UserRepositoryTest-context.xml] does not exist
23:21:35.577 [main] DEBUG org.springframework.test.context.support.AbstractContextLoader - Did not detect default resource location for test class [com.mysql.connection.serviceMysql.repository.UserRepositoryTest]: class path resource [com/mysql/connection/serviceMysql/repository/UserRepositoryTestContext.groovy] does not exist
23:21:35.577 [main] INFO org.springframework.test.context.support.AbstractContextLoader - Could not detect default resource locations for test class [com.mysql.connection.serviceMysql.repository.UserRepositoryTest]: no resource found for suffixes {-context.xml, Context.groovy}.
23:21:35.578 [main] INFO org.springframework.test.context.support.AnnotationConfigContextLoaderUtils - Could not detect default configuration classes for test class [com.mysql.connection.serviceMysql.repository.UserRepositoryTest]: UserRepositoryTest does not declare any static, non-private, non-final, nested classes annotated with @Configuration.
23:21:35.681 [main] DEBUG org.springframework.test.context.support.ActiveProfilesUtils - Could not find an 'annotation declaring class' for annotation type [org.springframework.test.context.ActiveProfiles] and class [com.mysql.connection.serviceMysql.repository.UserRepositoryTest]
23:21:35.771 [main] DEBUG org.springframework.context.annotation.ClassPathScanningCandidateComponentProvider - Identified candidate component class: file [C:\sachin\Learning_Workspace\serviceMysql\target\classes\com\mysql\connection\serviceMysql\ServiceMysqlApplication.class]
23:21:35.773 [main] INFO org.springframework.boot.test.context.SpringBootTestContextBootstrapper - Found @SpringBootConfiguration com.mysql.connection.serviceMysql.ServiceMysqlApplication for test class com.mysql.connection.serviceMysql.repository.UserRepositoryTest
23:21:35.775 [main] DEBUG org.springframework.boot.test.autoconfigure.orm.jpa.DataJpaTestContextBootstrapper - @TestExecutionListeners is not present for class [com.mysql.connection.serviceMysql.repository.UserRepositoryTest]: using defaults.
23:21:35.776 [main] INFO org.springframework.boot.test.autoconfigure.orm.jpa.DataJpaTestContextBootstrapper - Loaded default TestExecutionListener class names from location [META-INF/spring.factories]: [org.springframework.boot.test.mock.mockito.MockitoTestExecutionListener, org.springframework.boot.test.mock.mockito.ResetMocksTestExecutionListener, org.springframework.boot.test.autoconfigure.restdocs.RestDocsTestExecutionListener, org.springframework.boot.test.autoconfigure.web.client.MockRestServiceServerResetTestExecutionListener, org.springframework.boot.test.autoconfigure.web.servlet.MockMvcPrintOnlyOnFailureTestExecutionListener, org.springframework.boot.test.autoconfigure.web.servlet.WebDriverTestExecutionListener, org.springframework.test.context.web.ServletTestExecutionListener, org.springframework.test.context.support.DirtiesContextBeforeModesTestExecutionListener, org.springframework.test.context.support.DependencyInjectionTestExecutionListener, org.springframework.test.context.support.DirtiesContextTestExecutionListener, org.springframework.test.context.transaction.TransactionalTestExecutionListener, org.springframework.test.context.jdbc.SqlScriptsTestExecutionListener]
23:21:35.798 [main] INFO org.springframework.boot.test.autoconfigure.orm.jpa.DataJpaTestContextBootstrapper - Using TestExecutionListeners: [org.springframework.test.context.web.ServletTestExecutionListener@7e0b85f9, org.springframework.test.context.support.DirtiesContextBeforeModesTestExecutionListener@63355449, org.springframework.boot.test.mock.mockito.MockitoTestExecutionListener@9353778, org.springframework.boot.test.autoconfigure.SpringBootDependencyInjectionTestExecutionListener@6a28ffa4, org.springframework.test.context.support.DirtiesContextTestExecutionListener@48ae9b55, org.springframework.test.context.transaction.TransactionalTestExecutionListener@1700915, org.springframework.test.context.jdbc.SqlScriptsTestExecutionListener@21de60b4, org.springframework.boot.test.mock.mockito.ResetMocksTestExecutionListener@c267ef4, org.springframework.boot.test.autoconfigure.restdocs.RestDocsTestExecutionListener@30ee2816, org.springframework.boot.test.autoconfigure.web.client.MockRestServiceServerResetTestExecutionListener@31d7b7bf, org.springframework.boot.test.autoconfigure.web.servlet.MockMvcPrintOnlyOnFailureTestExecutionListener@635eaaf1, org.springframework.boot.test.autoconfigure.web.servlet.WebDriverTestExecutionListener@5c30a9b0]
23:21:35.801 [main] DEBUG org.springframework.test.annotation.ProfileValueUtils - Retrieved @ProfileValueSourceConfiguration [null] for test class [com.mysql.connection.serviceMysql.repository.UserRepositoryTest]
23:21:35.802 [main] DEBUG org.springframework.test.annotation.ProfileValueUtils - Retrieved ProfileValueSource type [class org.springframework.test.annotation.SystemProfileValueSource] for class [com.mysql.connection.serviceMysql.repository.UserRepositoryTest]
23:21:35.804 [main] DEBUG org.springframework.test.annotation.ProfileValueUtils - Retrieved @ProfileValueSourceConfiguration [null] for test class [com.mysql.connection.serviceMysql.repository.UserRepositoryTest]
23:21:35.804 [main] DEBUG org.springframework.test.annotation.ProfileValueUtils - Retrieved ProfileValueSource type [class org.springframework.test.annotation.SystemProfileValueSource] for class [com.mysql.connection.serviceMysql.repository.UserRepositoryTest]
23:21:35.805 [main] DEBUG org.springframework.test.annotation.ProfileValueUtils - Retrieved @ProfileValueSourceConfiguration [null] for test class [com.mysql.connection.serviceMysql.repository.UserRepositoryTest]
23:21:35.805 [main] DEBUG org.springframework.test.annotation.ProfileValueUtils - Retrieved ProfileValueSource type [class org.springframework.test.annotation.SystemProfileValueSource] for class [com.mysql.connection.serviceMysql.repository.UserRepositoryTest]
23:21:35.810 [main] DEBUG org.springframework.test.context.support.AbstractDirtiesContextTestExecutionListener - Before test class: context [DefaultTestContext@c33b74f testClass = UserRepositoryTest, testInstance = [null], testMethod = [null], testException = [null], mergedContextConfiguration = [MergedContextConfiguration@130161f7 testClass = UserRepositoryTest, locations = '{}', classes = '{class com.mysql.connection.serviceMysql.ServiceMysqlApplication}', contextInitializerClasses = '[]', activeProfiles = '{}', propertySourceLocations = '{}', propertySourceProperties = '{org.springframework.boot.test.autoconfigure.orm.jpa.DataJpaTestContextBootstrapper=true}', contextCustomizers = set[[ImportsContextCustomizer@2c767a52 key = [org.springframework.boot.autoconfigure.cache.CacheAutoConfiguration, org.springframework.boot.autoconfigure.data.jpa.JpaRepositoriesAutoConfiguration, org.springframework.boot.autoconfigure.flyway.FlywayAutoConfiguration, org.springframework.boot.autoconfigure.jdbc.DataSourceAutoConfiguration, org.springframework.boot.autoconfigure.jdbc.DataSourceTransactionManagerAutoConfiguration, org.springframework.boot.autoconfigure.jdbc.JdbcTemplateAutoConfiguration, org.springframework.boot.autoconfigure.liquibase.LiquibaseAutoConfiguration, org.springframework.boot.autoconfigure.orm.jpa.HibernateJpaAutoConfiguration, org.springframework.boot.autoconfigure.transaction.TransactionAutoConfiguration, org.springframework.boot.test.autoconfigure.jdbc.TestDatabaseAutoConfiguration, org.springframework.boot.test.autoconfigure.orm.jpa.TestEntityManagerAutoConfiguration]], org.springframework.boot.test.context.filter.ExcludeFilterContextCustomizer@797badd3, org.springframework.boot.test.json.DuplicateJsonObjectContextCustomizerFactory$DuplicateJsonObjectContextCustomizer@221af3c0, org.springframework.boot.test.mock.mockito.MockitoContextCustomizer@7cdca29f, org.springframework.boot.test.autoconfigure.OverrideAutoConfigurationContextCustomizerFactory$DisableAutoConfigurationContextCustomizer@176d53b2, org.springframework.boot.test.autoconfigure.filter.TypeExcludeFiltersContextCustomizer@351584c0, org.springframework.boot.test.autoconfigure.properties.PropertyMappingContextCustomizer@4f11ca69, org.springframework.boot.test.autoconfigure.web.servlet.WebDriverContextCustomizerFactory$Customizer@36f0f1be], contextLoader = 'org.springframework.boot.test.context.SpringBootContextLoader', parent = [null]], attributes = map[[empty]]], class annotated with @DirtiesContext [false] with mode [null].
23:21:35.810 [main] DEBUG org.springframework.test.annotation.ProfileValueUtils - Retrieved @ProfileValueSourceConfiguration [null] for test class [com.mysql.connection.serviceMysql.repository.UserRepositoryTest]
23:21:35.810 [main] DEBUG org.springframework.test.annotation.ProfileValueUtils - Retrieved ProfileValueSource type [class org.springframework.test.annotation.SystemProfileValueSource] for class [com.mysql.connection.serviceMysql.repository.UserRepositoryTest]
23:21:35.965 [main] DEBUG org.springframework.test.context.support.TestPropertySourceUtils - Adding inlined properties to environment: {spring.jmx.enabled=false, org.springframework.boot.test.autoconfigure.orm.jpa.DataJpaTestContextBootstrapper=true, server.port=-1}

  .   ____          _            __ _ _
 /\\ / ___'_ __ _ _(_)_ __  __ _ \ \ \ \
( ( )\___ | '_ | '_| | '_ \/ _` | \ \ \ \
 \\/  ___)| |_)| | | | | || (_| |  ) ) ) )
  '  |____| .__|_| |_|_| |_\__, | / / / /
 =========|_|==============|___/=/_/_/_/
 :: Spring Boot ::       (v2.1.11.RELEASE)

2020-03-06 23:21:36.521  INFO 18212 --- [           main] c.m.c.s.repository.UserRepositoryTest    : Starting UserRepositoryTest on INBLRUBB0058 with PID 18212 (started by sc849m in C:\sachin\Learning_Workspace\serviceMysql)
2020-03-06 23:21:36.526  INFO 18212 --- [           main] c.m.c.s.repository.UserRepositoryTest    : No active profile set, falling back to default profiles: default
2020-03-06 23:21:37.321  INFO 18212 --- [           main] .s.d.r.c.RepositoryConfigurationDelegate : Bootstrapping Spring Data JPA repositories in DEFAULT mode.
2020-03-06 23:21:37.454  INFO 18212 --- [           main] .s.d.r.c.RepositoryConfigurationDelegate : Finished Spring Data repository scanning in 119ms. Found 2 JPA repository interfaces.
2020-03-06 23:21:37.513  INFO 18212 --- [           main] beddedDataSourceBeanFactoryPostProcessor : Replacing 'dataSource' DataSource bean with embedded version
2020-03-06 23:21:38.934  INFO 18212 --- [           main] o.s.j.d.e.EmbeddedDatabaseFactory        : Starting embedded database: url='jdbc:h2:mem:2a84b209-7cc0-4729-a812-8324802c8eb8;DB_CLOSE_DELAY=-1;DB_CLOSE_ON_EXIT=false', username='sa'
2020-03-06 23:21:39.667  INFO 18212 --- [           main] o.hibernate.jpa.internal.util.LogHelper  : HHH000204: Processing PersistenceUnitInfo [
	name: default
	...]
2020-03-06 23:21:39.742  INFO 18212 --- [           main] org.hibernate.Version                    : HHH000412: Hibernate Core {5.3.14.Final}
2020-03-06 23:21:39.744  INFO 18212 --- [           main] org.hibernate.cfg.Environment            : HHH000206: hibernate.properties not found
2020-03-06 23:21:39.811  INFO 18212 --- [           main] o.hibernate.annotations.common.Version   : HCANN000001: Hibernate Commons Annotations {5.0.4.Final}
2020-03-06 23:21:40.043  INFO 18212 --- [           main] org.hibernate.dialect.Dialect            : HHH000400: Using dialect: org.hibernate.dialect.H2Dialect
Hibernate: 
    
    drop table address_history if exists
Hibernate: 
    
    drop table email if exists
Hibernate: 
    
    drop table four_wheeler if exists
Hibernate: 
    
    drop table phone if exists
Hibernate: 
    
    drop table sports if exists
Hibernate: 
    
    drop table student_mail if exists
Hibernate: 
    
    drop table student_sprots if exists
Hibernate: 
    
    drop table students if exists
Hibernate: 
    
    drop table students_sport_list if exists
Hibernate: 
    
    drop table two_wheeler if exists
Hibernate: 
    
    drop table user if exists
Hibernate: 
    
    drop table vehical if exists
Hibernate: 
    
    drop sequence if exists hibernate_sequence
Hibernate: create sequence hibernate_sequence start with 1 increment by 1
Hibernate: 
    
    create table address_history (
       user_ids integer not null,
        city varchar(255),
        state varchar(255),
        street varchar(255),
        add_id bigint not null,
        primary key (add_id)
    )
Hibernate: 
    
    create table email (
       email_id integer not null,
        email varchar(255),
        student_id integer,
        primary key (email_id)
    )
Hibernate: 
    
    create table four_wheeler (
       stering_type varchar(255),
        id integer not null,
        primary key (id)
    )
Hibernate: 
    
    create table phone (
       id integer not null,
        num varchar(255),
        primary key (id)
    )
Hibernate: 
    
    create table sports (
       id integer not null,
        name varchar(255),
        sports integer,
        primary key (id)
    )
Hibernate: 
    
    create table student_mail (
       student_id integer not null,
        mail_id integer not null
    )
Hibernate: 
    
    create table student_sprots (
       studentid integer not null,
        sports integer,
        primary key (studentid)
    )
Hibernate: 
    
    create table students (
       id integer not null,
        address varchar(255),
        name varchar(255),
        pid integer,
        vehical_id integer,
        primary key (id)
    )
Hibernate: 
    
    create table students_sport_list (
       student_id integer not null,
        sport_list_id integer not null
    )
Hibernate: 
    
    create table two_wheeler (
       type varchar(255),
        id integer not null,
        primary key (id)
    )
Hibernate: 
    
    create table user (
       id integer not null,
        city varchar(255),
        state varchar(255),
        street varchar(255),
        date date,
        description clob,
        last_name varchar(255),
        first_name varchar(255) not null,
        office_city varchar(255),
        office_state varchar(255),
        office_street varchar(255),
        primary key (id)
    )
Hibernate: 
    
    create table vehical (
       id integer not null,
        name varchar(255),
        primary key (id)
    )
Hibernate: 
    
    alter table student_mail 
       add constraint UK_41gpkqthl5s1jco67wbspwcf6 unique (mail_id)
Hibernate: 
    
    alter table address_history 
       add constraint FK30o1wdsc2us1r80yq4j4t0knn 
       foreign key (user_ids) 
       references user
Hibernate: 
    
    alter table email 
       add constraint FK1d7v8gych49nedicqs0x5orur 
       foreign key (student_id) 
       references students
Hibernate: 
    
    alter table four_wheeler 
       add constraint FKcqqpbiu4wo18cbq1grpc953me 
       foreign key (id) 
       references vehical
Hibernate: 
    
    alter table sports 
       add constraint sportsid_for 
       foreign key (sports) 
       references student_sprots
Hibernate: 
    
    alter table student_mail 
       add constraint FKata249idnsxj86ic71uuevola 
       foreign key (mail_id) 
       references email
Hibernate: 
    
    alter table student_mail 
       add constraint FKdlidocstbh5f6c705wvyw2bdi 
       foreign key (student_id) 
       references students
Hibernate: 
    
    alter table student_sprots 
       add constraint studentid_for 
       foreign key (studentid) 
       references students
Hibernate: 
    
    alter table students 
       add constraint FKda54xkerkmwjhdviv7f9b05q6 
       foreign key (pid) 
       references phone
Hibernate: 
    
    alter table students 
       add constraint FK5hfs8da90ugsvb6hxwoucud2p 
       foreign key (vehical_id) 
       references vehical
Hibernate: 
    
    alter table students_sport_list 
       add constraint FKsivimacoq6i4q1eupkvuxa3cl 
       foreign key (sport_list_id) 
       references sports
Hibernate: 
    
    alter table students_sport_list 
       add constraint FK2cgh4lixb21jjyev9uojdhnu3 
       foreign key (student_id) 
       references students
Hibernate: 
    
    alter table two_wheeler 
       add constraint FKnoktltrdy8v9vpv39n456lm60 
       foreign key (id) 
       references vehical
2020-03-06 23:21:41.074  INFO 18212 --- [           main] o.h.t.schema.internal.SchemaCreatorImpl  : HHH000476: Executing import script 'org.hibernate.tool.schema.internal.exec.ScriptSourceInputNonExistentImpl@7b18658a'
2020-03-06 23:21:41.078  INFO 18212 --- [           main] j.LocalContainerEntityManagerFactoryBean : Initialized JPA EntityManagerFactory for persistence unit 'default'
2020-03-06 23:21:41.918  INFO 18212 --- [           main] c.m.c.s.repository.UserRepositoryTest    : Started UserRepositoryTest in 5.951 seconds (JVM running for 7.374)
2020-03-06 23:21:41.957  INFO 18212 --- [           main] o.s.t.c.transaction.TransactionContext   : Began transaction (1) for test context [DefaultTestContext@c33b74f testClass = UserRepositoryTest, testInstance = com.mysql.connection.serviceMysql.repository.UserRepositoryTest@4c04216f, testMethod = testAddUser@UserRepositoryTest, testException = [null], mergedContextConfiguration = [MergedContextConfiguration@130161f7 testClass = UserRepositoryTest, locations = '{}', classes = '{class com.mysql.connection.serviceMysql.ServiceMysqlApplication}', contextInitializerClasses = '[]', activeProfiles = '{}', propertySourceLocations = '{}', propertySourceProperties = '{org.springframework.boot.test.autoconfigure.orm.jpa.DataJpaTestContextBootstrapper=true}', contextCustomizers = set[[ImportsContextCustomizer@2c767a52 key = [org.springframework.boot.autoconfigure.cache.CacheAutoConfiguration, org.springframework.boot.autoconfigure.data.jpa.JpaRepositoriesAutoConfiguration, org.springframework.boot.autoconfigure.flyway.FlywayAutoConfiguration, org.springframework.boot.autoconfigure.jdbc.DataSourceAutoConfiguration, org.springframework.boot.autoconfigure.jdbc.DataSourceTransactionManagerAutoConfiguration, org.springframework.boot.autoconfigure.jdbc.JdbcTemplateAutoConfiguration, org.springframework.boot.autoconfigure.liquibase.LiquibaseAutoConfiguration, org.springframework.boot.autoconfigure.orm.jpa.HibernateJpaAutoConfiguration, org.springframework.boot.autoconfigure.transaction.TransactionAutoConfiguration, org.springframework.boot.test.autoconfigure.jdbc.TestDatabaseAutoConfiguration, org.springframework.boot.test.autoconfigure.orm.jpa.TestEntityManagerAutoConfiguration]], org.springframework.boot.test.context.filter.ExcludeFilterContextCustomizer@797badd3, org.springframework.boot.test.json.DuplicateJsonObjectContextCustomizerFactory$DuplicateJsonObjectContextCustomizer@221af3c0, org.springframework.boot.test.mock.mockito.MockitoContextCustomizer@7cdca29f, org.springframework.boot.test.autoconfigure.OverrideAutoConfigurationContextCustomizerFactory$DisableAutoConfigurationContextCustomizer@176d53b2, org.springframework.boot.test.autoconfigure.filter.TypeExcludeFiltersContextCustomizer@351584c0, org.springframework.boot.test.autoconfigure.properties.PropertyMappingContextCustomizer@4f11ca69, org.springframework.boot.test.autoconfigure.web.servlet.WebDriverContextCustomizerFactory$Customizer@36f0f1be], contextLoader = 'org.springframework.boot.test.context.SpringBootContextLoader', parent = [null]], attributes = map[[empty]]]; transaction manager [org.springframework.orm.jpa.JpaTransactionManager@38ac8968]; rollback [true]
Hibernate: 
    call next value for hibernate_sequence
2020-03-06 23:21:42.036  INFO 18212 --- [           main] o.s.t.c.transaction.TransactionContext   : Rolled back transaction for test: [DefaultTestContext@c33b74f testClass = UserRepositoryTest, testInstance = com.mysql.connection.serviceMysql.repository.UserRepositoryTest@4c04216f, testMethod = testAddUser@UserRepositoryTest, testException = java.util.NoSuchElementException: No value present, mergedContextConfiguration = [MergedContextConfiguration@130161f7 testClass = UserRepositoryTest, locations = '{}', classes = '{class com.mysql.connection.serviceMysql.ServiceMysqlApplication}', contextInitializerClasses = '[]', activeProfiles = '{}', propertySourceLocations = '{}', propertySourceProperties = '{org.springframework.boot.test.autoconfigure.orm.jpa.DataJpaTestContextBootstrapper=true}', contextCustomizers = set[[ImportsContextCustomizer@2c767a52 key = [org.springframework.boot.autoconfigure.cache.CacheAutoConfiguration, org.springframework.boot.autoconfigure.data.jpa.JpaRepositoriesAutoConfiguration, org.springframework.boot.autoconfigure.flyway.FlywayAutoConfiguration, org.springframework.boot.autoconfigure.jdbc.DataSourceAutoConfiguration, org.springframework.boot.autoconfigure.jdbc.DataSourceTransactionManagerAutoConfiguration, org.springframework.boot.autoconfigure.jdbc.JdbcTemplateAutoConfiguration, org.springframework.boot.autoconfigure.liquibase.LiquibaseAutoConfiguration, org.springframework.boot.autoconfigure.orm.jpa.HibernateJpaAutoConfiguration, org.springframework.boot.autoconfigure.transaction.TransactionAutoConfiguration, org.springframework.boot.test.autoconfigure.jdbc.TestDatabaseAutoConfiguration, org.springframework.boot.test.autoconfigure.orm.jpa.TestEntityManagerAutoConfiguration]], org.springframework.boot.test.context.filter.ExcludeFilterContextCustomizer@797badd3, org.springframework.boot.test.json.DuplicateJsonObjectContextCustomizerFactory$DuplicateJsonObjectContextCustomizer@221af3c0, org.springframework.boot.test.mock.mockito.MockitoContextCustomizer@7cdca29f, org.springframework.boot.test.autoconfigure.OverrideAutoConfigurationContextCustomizerFactory$DisableAutoConfigurationContextCustomizer@176d53b2, org.springframework.boot.test.autoconfigure.filter.TypeExcludeFiltersContextCustomizer@351584c0, org.springframework.boot.test.autoconfigure.properties.PropertyMappingContextCustomizer@4f11ca69, org.springframework.boot.test.autoconfigure.web.servlet.WebDriverContextCustomizerFactory$Customizer@36f0f1be], contextLoader = 'org.springframework.boot.test.context.SpringBootContextLoader', parent = [null]], attributes = map[[empty]]]
]]></system-out>
  </testcase>
  <testcase name="testgetUserById" classname="com.mysql.connection.serviceMysql.repository.UserRepositoryTest" time="0.016">
    <error message="No value present" type="java.util.NoSuchElementException">java.util.NoSuchElementException: No value present
	at com.mysql.connection.serviceMysql.repository.UserRepositoryTest.testgetUserById(UserRepositoryTest.java:40)
</error>
    <system-out><![CDATA[2020-03-06 23:21:42.057  INFO 18212 --- [           main] o.s.t.c.transaction.TransactionContext   : Began transaction (1) for test context [DefaultTestContext@c33b74f testClass = UserRepositoryTest, testInstance = com.mysql.connection.serviceMysql.repository.UserRepositoryTest@2d4fb0d8, testMethod = testgetUserById@UserRepositoryTest, testException = [null], mergedContextConfiguration = [MergedContextConfiguration@130161f7 testClass = UserRepositoryTest, locations = '{}', classes = '{class com.mysql.connection.serviceMysql.ServiceMysqlApplication}', contextInitializerClasses = '[]', activeProfiles = '{}', propertySourceLocations = '{}', propertySourceProperties = '{org.springframework.boot.test.autoconfigure.orm.jpa.DataJpaTestContextBootstrapper=true}', contextCustomizers = set[[ImportsContextCustomizer@2c767a52 key = [org.springframework.boot.autoconfigure.cache.CacheAutoConfiguration, org.springframework.boot.autoconfigure.data.jpa.JpaRepositoriesAutoConfiguration, org.springframework.boot.autoconfigure.flyway.FlywayAutoConfiguration, org.springframework.boot.autoconfigure.jdbc.DataSourceAutoConfiguration, org.springframework.boot.autoconfigure.jdbc.DataSourceTransactionManagerAutoConfiguration, org.springframework.boot.autoconfigure.jdbc.JdbcTemplateAutoConfiguration, org.springframework.boot.autoconfigure.liquibase.LiquibaseAutoConfiguration, org.springframework.boot.autoconfigure.orm.jpa.HibernateJpaAutoConfiguration, org.springframework.boot.autoconfigure.transaction.TransactionAutoConfiguration, org.springframework.boot.test.autoconfigure.jdbc.TestDatabaseAutoConfiguration, org.springframework.boot.test.autoconfigure.orm.jpa.TestEntityManagerAutoConfiguration]], org.springframework.boot.test.context.filter.ExcludeFilterContextCustomizer@797badd3, org.springframework.boot.test.json.DuplicateJsonObjectContextCustomizerFactory$DuplicateJsonObjectContextCustomizer@221af3c0, org.springframework.boot.test.mock.mockito.MockitoContextCustomizer@7cdca29f, org.springframework.boot.test.autoconfigure.OverrideAutoConfigurationContextCustomizerFactory$DisableAutoConfigurationContextCustomizer@176d53b2, org.springframework.boot.test.autoconfigure.filter.TypeExcludeFiltersContextCustomizer@351584c0, org.springframework.boot.test.autoconfigure.properties.PropertyMappingContextCustomizer@4f11ca69, org.springframework.boot.test.autoconfigure.web.servlet.WebDriverContextCustomizerFactory$Customizer@36f0f1be], contextLoader = 'org.springframework.boot.test.context.SpringBootContextLoader', parent = [null]], attributes = map[[empty]]]; transaction manager [org.springframework.orm.jpa.JpaTransactionManager@38ac8968]; rollback [true]
Hibernate: 
    call next value for hibernate_sequence
2020-03-06 23:21:42.066  INFO 18212 --- [           main] o.s.t.c.transaction.TransactionContext   : Rolled back transaction for test: [DefaultTestContext@c33b74f testClass = UserRepositoryTest, testInstance = com.mysql.connection.serviceMysql.repository.UserRepositoryTest@2d4fb0d8, testMethod = testgetUserById@UserRepositoryTest, testException = java.util.NoSuchElementException: No value present, mergedContextConfiguration = [MergedContextConfiguration@130161f7 testClass = UserRepositoryTest, locations = '{}', classes = '{class com.mysql.connection.serviceMysql.ServiceMysqlApplication}', contextInitializerClasses = '[]', activeProfiles = '{}', propertySourceLocations = '{}', propertySourceProperties = '{org.springframework.boot.test.autoconfigure.orm.jpa.DataJpaTestContextBootstrapper=true}', contextCustomizers = set[[ImportsContextCustomizer@2c767a52 key = [org.springframework.boot.autoconfigure.cache.CacheAutoConfiguration, org.springframework.boot.autoconfigure.data.jpa.JpaRepositoriesAutoConfiguration, org.springframework.boot.autoconfigure.flyway.FlywayAutoConfiguration, org.springframework.boot.autoconfigure.jdbc.DataSourceAutoConfiguration, org.springframework.boot.autoconfigure.jdbc.DataSourceTransactionManagerAutoConfiguration, org.springframework.boot.autoconfigure.jdbc.JdbcTemplateAutoConfiguration, org.springframework.boot.autoconfigure.liquibase.LiquibaseAutoConfiguration, org.springframework.boot.autoconfigure.orm.jpa.HibernateJpaAutoConfiguration, org.springframework.boot.autoconfigure.transaction.TransactionAutoConfiguration, org.springframework.boot.test.autoconfigure.jdbc.TestDatabaseAutoConfiguration, org.springframework.boot.test.autoconfigure.orm.jpa.TestEntityManagerAutoConfiguration]], org.springframework.boot.test.context.filter.ExcludeFilterContextCustomizer@797badd3, org.springframework.boot.test.json.DuplicateJsonObjectContextCustomizerFactory$DuplicateJsonObjectContextCustomizer@221af3c0, org.springframework.boot.test.mock.mockito.MockitoContextCustomizer@7cdca29f, org.springframework.boot.test.autoconfigure.OverrideAutoConfigurationContextCustomizerFactory$DisableAutoConfigurationContextCustomizer@176d53b2, org.springframework.boot.test.autoconfigure.filter.TypeExcludeFiltersContextCustomizer@351584c0, org.springframework.boot.test.autoconfigure.properties.PropertyMappingContextCustomizer@4f11ca69, org.springframework.boot.test.autoconfigure.web.servlet.WebDriverContextCustomizerFactory$Customizer@36f0f1be], contextLoader = 'org.springframework.boot.test.context.SpringBootContextLoader', parent = [null]], attributes = map[[empty]]]
]]></system-out>
  </testcase>
  <testcase name="testFindByAll" classname="com.mysql.connection.serviceMysql.repository.UserRepositoryTest" time="0.102">
    <failure message="expected:&lt;[2]&gt; but was:&lt;[0]&gt;" type="org.junit.ComparisonFailure"><![CDATA[org.junit.ComparisonFailure: expected:<[2]> but was:<[0]>
	at com.mysql.connection.serviceMysql.repository.UserRepositoryTest.testFindByAll(UserRepositoryTest.java:56)
]]></failure>
    <system-out><![CDATA[2020-03-06 23:21:42.071  INFO 18212 --- [           main] o.s.t.c.transaction.TransactionContext   : Began transaction (1) for test context [DefaultTestContext@c33b74f testClass = UserRepositoryTest, testInstance = com.mysql.connection.serviceMysql.repository.UserRepositoryTest@78479f2b, testMethod = testFindByAll@UserRepositoryTest, testException = [null], mergedContextConfiguration = [MergedContextConfiguration@130161f7 testClass = UserRepositoryTest, locations = '{}', classes = '{class com.mysql.connection.serviceMysql.ServiceMysqlApplication}', contextInitializerClasses = '[]', activeProfiles = '{}', propertySourceLocations = '{}', propertySourceProperties = '{org.springframework.boot.test.autoconfigure.orm.jpa.DataJpaTestContextBootstrapper=true}', contextCustomizers = set[[ImportsContextCustomizer@2c767a52 key = [org.springframework.boot.autoconfigure.cache.CacheAutoConfiguration, org.springframework.boot.autoconfigure.data.jpa.JpaRepositoriesAutoConfiguration, org.springframework.boot.autoconfigure.flyway.FlywayAutoConfiguration, org.springframework.boot.autoconfigure.jdbc.DataSourceAutoConfiguration, org.springframework.boot.autoconfigure.jdbc.DataSourceTransactionManagerAutoConfiguration, org.springframework.boot.autoconfigure.jdbc.JdbcTemplateAutoConfiguration, org.springframework.boot.autoconfigure.liquibase.LiquibaseAutoConfiguration, org.springframework.boot.autoconfigure.orm.jpa.HibernateJpaAutoConfiguration, org.springframework.boot.autoconfigure.transaction.TransactionAutoConfiguration, org.springframework.boot.test.autoconfigure.jdbc.TestDatabaseAutoConfiguration, org.springframework.boot.test.autoconfigure.orm.jpa.TestEntityManagerAutoConfiguration]], org.springframework.boot.test.context.filter.ExcludeFilterContextCustomizer@797badd3, org.springframework.boot.test.json.DuplicateJsonObjectContextCustomizerFactory$DuplicateJsonObjectContextCustomizer@221af3c0, org.springframework.boot.test.mock.mockito.MockitoContextCustomizer@7cdca29f, org.springframework.boot.test.autoconfigure.OverrideAutoConfigurationContextCustomizerFactory$DisableAutoConfigurationContextCustomizer@176d53b2, org.springframework.boot.test.autoconfigure.filter.TypeExcludeFiltersContextCustomizer@351584c0, org.springframework.boot.test.autoconfigure.properties.PropertyMappingContextCustomizer@4f11ca69, org.springframework.boot.test.autoconfigure.web.servlet.WebDriverContextCustomizerFactory$Customizer@36f0f1be], contextLoader = 'org.springframework.boot.test.context.SpringBootContextLoader', parent = [null]], attributes = map[[empty]]]; transaction manager [org.springframework.orm.jpa.JpaTransactionManager@38ac8968]; rollback [true]
Hibernate: 
    call next value for hibernate_sequence
Hibernate: 
    call next value for hibernate_sequence
2020-03-06 23:21:42.170  INFO 18212 --- [           main] o.s.t.c.transaction.TransactionContext   : Rolled back transaction for test: [DefaultTestContext@c33b74f testClass = UserRepositoryTest, testInstance = com.mysql.connection.serviceMysql.repository.UserRepositoryTest@78479f2b, testMethod = testFindByAll@UserRepositoryTest, testException = org.junit.ComparisonFailure: expected:<[2]> but was:<[0]>, mergedContextConfiguration = [MergedContextConfiguration@130161f7 testClass = UserRepositoryTest, locations = '{}', classes = '{class com.mysql.connection.serviceMysql.ServiceMysqlApplication}', contextInitializerClasses = '[]', activeProfiles = '{}', propertySourceLocations = '{}', propertySourceProperties = '{org.springframework.boot.test.autoconfigure.orm.jpa.DataJpaTestContextBootstrapper=true}', contextCustomizers = set[[ImportsContextCustomizer@2c767a52 key = [org.springframework.boot.autoconfigure.cache.CacheAutoConfiguration, org.springframework.boot.autoconfigure.data.jpa.JpaRepositoriesAutoConfiguration, org.springframework.boot.autoconfigure.flyway.FlywayAutoConfiguration, org.springframework.boot.autoconfigure.jdbc.DataSourceAutoConfiguration, org.springframework.boot.autoconfigure.jdbc.DataSourceTransactionManagerAutoConfiguration, org.springframework.boot.autoconfigure.jdbc.JdbcTemplateAutoConfiguration, org.springframework.boot.autoconfigure.liquibase.LiquibaseAutoConfiguration, org.springframework.boot.autoconfigure.orm.jpa.HibernateJpaAutoConfiguration, org.springframework.boot.autoconfigure.transaction.TransactionAutoConfiguration, org.springframework.boot.test.autoconfigure.jdbc.TestDatabaseAutoConfiguration, org.springframework.boot.test.autoconfigure.orm.jpa.TestEntityManagerAutoConfiguration]], org.springframework.boot.test.context.filter.ExcludeFilterContextCustomizer@797badd3, org.springframework.boot.test.json.DuplicateJsonObjectContextCustomizerFactory$DuplicateJsonObjectContextCustomizer@221af3c0, org.springframework.boot.test.mock.mockito.MockitoContextCustomizer@7cdca29f, org.springframework.boot.test.autoconfigure.OverrideAutoConfigurationContextCustomizerFactory$DisableAutoConfigurationContextCustomizer@176d53b2, org.springframework.boot.test.autoconfigure.filter.TypeExcludeFiltersContextCustomizer@351584c0, org.springframework.boot.test.autoconfigure.properties.PropertyMappingContextCustomizer@4f11ca69, org.springframework.boot.test.autoconfigure.web.servlet.WebDriverContextCustomizerFactory$Customizer@36f0f1be], contextLoader = 'org.springframework.boot.test.context.SpringBootContextLoader', parent = [null]], attributes = map[[empty]]]
]]></system-out>
  </testcase>
</testsuite>